[   10297ms] [ERROR] Failed to load resource: the server responded with a status of 401 () @ https://velocityapi.vel-qa1.ey.com/api/user/CheckAuth:0
[   10476ms] [ERROR] Failed to load resource: the server responded with a status of 401 () @ https://velocityapi.vel-qa1.ey.com/api/user/CheckAuth:0
[   10597ms] [LOG] routeAuth /login @ https://velocity.vel-qa1.ey.com/154.1cdf5450864f3c22.js:0
[   91816ms] [ERROR] Failed to load resource: the server responded with a status of 401 () @ https://velocityapi.vel-qa1.ey.com/api/user/CheckAuth:0
[   91984ms] [ERROR] Failed to load resource: the server responded with a status of 401 () @ https://velocityapi.vel-qa1.ey.com/api/user/CheckAuth:0
[   92017ms] [LOG] routeAuth /login?user=meenakshi.sundaram.s@ey.com @ https://velocity.vel-qa1.ey.com/154.1cdf5450864f3c22.js:0
[ 4383382ms] [ERROR] Failed to load resource: the server responded with a status of 401 () @ https://velocityapi.vel-qa1.ey.com/api/user/CheckAuth:0
[ 4383693ms] [ERROR] Failed to load resource: the server responded with a status of 401 () @ https://velocityapi.vel-qa1.ey.com/api/user/CheckAuth:0
[ 4383749ms] [LOG] routeAuth /login?user=meenakshi.sundaram.s@ey.com @ https://velocity.vel-qa1.ey.com/154.1cdf5450864f3c22.js:0
[ 4394202ms] [LOG] {userId: -1, firstName: Meenakshi Sundaram, lastName: S, preferredName: Meenakshi Sundaram S, userEmail: null} @ https://velocity.vel-qa1.ey.com/154.1cdf5450864f3c22.js:0
[ 4394855ms] [LOG] {continueValidationMessage: You have scored your aspirational value lower than…current value. Are you sure you want to continue?, textFocus: Focus, textScore: Score, textSubdrivers: Subdrivers, textLeading: LEADING} @ https://velocity.vel-qa1.ey.com/5.1ac7ef8855212000.js:0
[ 4395202ms] [LOG] my view @ https://velocity.vel-qa1.ey.com/5.1ac7ef8855212000.js:0
[ 4395422ms] [LOG] [Object, Object, Object, Object, Object, Object, Object] @ https://velocity.vel-qa1.ey.com/5.1ac7ef8855212000.js:0
[ 4395424ms] [LOG] {GrowthPlanDetails: Object, GrowthPlanOwnerDetails: Object, GrowthPlanFacilitatorDetails: null, ClientAttendees: null, EYAttendees: null} @ https://velocity.vel-qa1.ey.com/5.1ac7ef8855212000.js:0
[ 4395616ms] [LOG] [Object, Object, Object, Object, Object] @ https://velocity.vel-qa1.ey.com/5.1ac7ef8855212000.js:0
[ 4395617ms] [LOG] [Object, Object, Object, Object] @ https://velocity.vel-qa1.ey.com/5.1ac7ef8855212000.js:0
[ 5138909ms] [LOG] {userId: -1, firstName: Meenakshi Sundaram, lastName: S, preferredName: Meenakshi Sundaram S, userEmail: null} @ https://velocity.vel-qa1.ey.com/main.292abcf1f017d8fa.js:0
[ 5139893ms] [LOG] {continueValidationMessage: You have scored your aspirational value lower than…current value. Are you sure you want to continue?, textFocus: Focus, textScore: Score, textSubdrivers: Subdrivers, textLeading: LEADING} @ https://velocity.vel-qa1.ey.com/5.1ac7ef8855212000.js:0
[ 5140230ms] [LOG] my view @ https://velocity.vel-qa1.ey.com/5.1ac7ef8855212000.js:0
[ 5140463ms] [LOG] [] @ https://velocity.vel-qa1.ey.com/5.1ac7ef8855212000.js:0
[ 5140469ms] [LOG] {GrowthPlanDetails: Object, GrowthPlanOwnerDetails: Object, GrowthPlanFacilitatorDetails: null, ClientAttendees: null, EYAttendees: null} @ https://velocity.vel-qa1.ey.com/5.1ac7ef8855212000.js:0
[ 5140552ms] [LOG] [Object, Object, Object, Object, Object, Object, Object] @ https://velocity.vel-qa1.ey.com/5.1ac7ef8855212000.js:0
[ 5140680ms] [LOG] [Object, Object, Object, Object, Object] @ https://velocity.vel-qa1.ey.com/5.1ac7ef8855212000.js:0
[ 5140681ms] [LOG] [Object, Object, Object, Object] @ https://velocity.vel-qa1.ey.com/5.1ac7ef8855212000.js:0
[ 5143569ms] [ERROR] Failed to load resource: the server responded with a status of 401 () @ https://velocityapi.vel-qa1.ey.com/api/user/CheckAuth:0
[ 5143751ms] [ERROR] Failed to load resource: the server responded with a status of 401 () @ https://velocityapi.vel-qa1.ey.com/api/user/CheckAuth:0
[ 5144044ms] [LOG] false @ https://velocity.vel-qa1.ey.com/154.1cdf5450864f3c22.js:0
[ 5144046ms] [LOG] routeAuth /welcome @ https://velocity.vel-qa1.ey.com/154.1cdf5450864f3c22.js:0
[ 5144047ms] [LOG] PageContents {lblLoading: Loading, lblFooterPrivacy: Privacy, lblFooterCodeOfConduct: Global code of conduct, lblFooterContact: Contact us, lblFooterDescription1: <p>EY exists to build a better working world, help… about our organization, please visit ey.com.</p>} @ https://velocity.vel-qa1.ey.com/154.1cdf5450864f3c22.js:0
[ 5148222ms] [ERROR] Failed to load resource: the server responded with a status of 401 () @ https://velocityapi.vel-qa1.ey.com/api/user/CheckAuth:0
[ 5148546ms] [ERROR] Failed to load resource: the server responded with a status of 401 () @ https://velocityapi.vel-qa1.ey.com/api/user/CheckAuth:0
[ 5148635ms] [LOG] routeAuth /login @ https://velocity.vel-qa1.ey.com/154.1cdf5450864f3c22.js:0
[ 5350374ms] [ERROR] Failed to load resource: the server responded with a status of 401 () @ https://velocityapi.vel-qa1.ey.com/api/user/CheckAuth:0
[ 5350554ms] [ERROR] Failed to load resource: the server responded with a status of 401 () @ https://velocityapi.vel-qa1.ey.com/api/user/CheckAuth:0
[ 5350637ms] [LOG] routeAuth /login @ https://velocity.vel-qa1.ey.com/154.1cdf5450864f3c22.js:0
[ 5891785ms] [LOG] {userId: -1, firstName: Meenakshi Sundaram, lastName: S, preferredName: Meenakshi Sundaram S, userEmail: null} @ https://velocity.vel-qa1.ey.com/154.1cdf5450864f3c22.js:0
[ 5892894ms] [LOG] {continueValidationMessage: You have scored your aspirational value lower than…current value. Are you sure you want to continue?, textFocus: Focus, textScore: Score, textSubdrivers: Subdrivers, textLeading: LEADING} @ https://velocity.vel-qa1.ey.com/5.1ac7ef8855212000.js:0
[ 5893253ms] [LOG] my view @ https://velocity.vel-qa1.ey.com/5.1ac7ef8855212000.js:0
[ 5893836ms] [LOG] [Object, Object, Object, Object, Object, Object, Object] @ https://velocity.vel-qa1.ey.com/5.1ac7ef8855212000.js:0
[ 5893841ms] [LOG] {GrowthPlanDetails: Object, GrowthPlanOwnerDetails: Object, GrowthPlanFacilitatorDetails: null, ClientAttendees: null, EYAttendees: null} @ https://velocity.vel-qa1.ey.com/5.1ac7ef8855212000.js:0
[ 5894208ms] [LOG] [Object, Object, Object, Object, Object] @ https://velocity.vel-qa1.ey.com/5.1ac7ef8855212000.js:0
[ 5894209ms] [LOG] [Object, Object, Object, Object] @ https://velocity.vel-qa1.ey.com/5.1ac7ef8855212000.js:0
[ 5941776ms] [LOG] {growthPlanId: 2885, growthPlanName: Retest1, isLocked: true, isShared: false, growthPlanTypeId: 5} @ https://velocity.vel-qa1.ey.com/784.ddd9376a6ee5378e.js:0
[ 5998186ms] [LOG] show flash message @ https://velocity.vel-qa1.ey.com/861.e0f19b7837b6c78e.js:0
